<?xml version="1.0" encoding="UTF-8"?>
<!-- Generated by org.testng.reporters.JUnitReportReporter -->
<testsuite skipped="0" hostname="jeni-PC" name="Testcases.Ecommerce_tc" tests="3" failures="0" timestamp="10 Aug 2020 11:09:13 GMT" time="111.649" errors="0">
  <testcase name="testNamefield" time="30.654" classname="Testcases.Ecommerce_tc"/>
  <testcase name="testNamefield" time="30.373" classname="Testcases.Ecommerce_tc"/>
  <testcase name="testproductValidation" time="50.622" classname="Testcases.Ecommerce_tc"/>
</testsuite> <!-- Testcases.Ecommerce_tc -->
