<?xml version="1.0" encoding="UTF-8"?>
<!-- Generated by org.testng.reporters.JUnitReportReporter -->
<testsuite skipped="0" hostname="jeni-PC" name="Testcases.ApiDemos_ViewsPage" tests="3" failures="0" timestamp="10 Aug 2020 11:09:13 GMT" time="149.076" errors="0">
  <testcase name="testDragandDrop_function" time="68.550" classname="Testcases.ApiDemos_ViewsPage"/>
  <testcase name="testSwipping_actions" time="42.343" classname="Testcases.ApiDemos_ViewsPage"/>
  <testcase name="testlongPress_function" time="38.183" classname="Testcases.ApiDemos_ViewsPage"/>
</testsuite> <!-- Testcases.ApiDemos_ViewsPage -->
